<?xml version="1.0" encoding="UTF-8"?>
<!-- Generated by org.testng.reporters.JUnitReportReporter -->
<testsuite skipped="0" hostname="indhu" name="getRequest.GetData" tests="3" failures="0" timestamp="2021-03-30T12:41:15 IST" time="4.453" errors="0">
  <testcase name="testResponsecode" time="2.802" classname="getRequest.GetData"/>
  <system-out/>
  <testcase name="testbody" time="0.465" classname="getRequest.GetData"/>
  <system-out/>
  <testcase name="testbody1" time="1.186" classname="getRequest.GetData"/>
  <system-out/>
</testsuite> <!-- getRequest.GetData -->
